(1, 1-1) NEWLINE \n
(2, 1-5) ID Write
(2, 6-6) PARENI (
(2, 7-18) CADENASTRING Hola Mundo
(2, 19-19) PAREND )
(2, 1-1) NEWLINE \n
(3, 1-1) NEWLINE \n
(4, 1-1) NEWLINE \n
(5, 1-3) INT int
(5, 5-5) ID a
(5, 1-1) NEWLINE \n
(6, 1-3) INT int
(6, 5-5) ID b
(6, 1-1) NEWLINE \n
(7, 1-3) INT int
(7, 5-10) ID result
(7, 1-1) NEWLINE \n
(8, 1-1) ID a
(8, 3-3) IGUAL =
(8, 5-6) NUMENTERO 10
(8, 1-1) NEWLINE \n
(9, 1-1) ID b
(9, 3-3) IGUAL =
(9, 5-5) NUMENTERO 5
(9, 1-1) NEWLINE \n
(10, 1-6) ID result
(10, 8-8) IGUAL =
(10, 10-10) ID a
(10, 12-12) SUMA +
(10, 14-14) ID b
(10, 16-16) MULTI *
(10, 18-18) NUMENTERO 2
(10, 1-1) NEWLINE \n
(11, 1-5) ID Write
(11, 6-6) PARENI (
(11, 7-12) ID result
(11, 13-13) PAREND )
(11, 1-1) NEWLINE \n
(12, 1-1) NEWLINE \n
(13, 1-1) NEWLINE \n
(14, 1-3) INT int
(14, 5-5) ID n
(14, 1-1) NEWLINE \n
(15, 1-5) ID Write
(15, 6-6) PARENI (
(15, 7-26) CADENASTRING Ingrese un numero:
(15, 27-27) PAREND )
(15, 1-1) NEWLINE \n
(16, 1-4) ID Read
(16, 5-5) PARENI (
(16, 6-6) ID n
(16, 7-7) PAREND )
(16, 1-1) NEWLINE \n
(17, 1-2) IF if
(17, 4-4) ID n
(17, 6-6) MAYORQ >
(17, 8-8) NUMENTERO 0
(17, 9-9) DOSP :
(17, 1-1) NEWLINE \n
(18, 1-1) INDENT
(18, 5-9) ID Write
(18, 10-10) PARENI (
(18, 11-20) CADENASTRING Positivo
(18, 21-21) PAREND )
(18, 1-1) NEWLINE \n
(19, 1-1) DEDENT
(19, 1-4) ELSE else
(19, 5-5) DOSP :
(19, 1-1) NEWLINE \n
(20, 1-1) INDENT
(20, 5-9) ID Write
(20, 10-10) PARENI (
(20, 11-27) CADENASTRING Cero o negativo
(20, 28-28) PAREND )
(20, 1-1) NEWLINE \n
(21, 1-1) NEWLINE \n
(22, 1-1) NEWLINE \n
(23, 1-1) DEDENT
(23, 1-7) FUNCION funcion
(23, 9-12) ID suma
(23, 13-13) PARENI (
(23, 14-16) INT int
(23, 18-18) ID x
(23, 19-19) COMA ,
(23, 21-23) INT int
(23, 25-25) ID y
(23, 26-26) PAREND )
(23, 27-27) DOSP :
(23, 1-1) NEWLINE \n
(24, 1-1) INDENT
(24, 5-7) INT int
(24, 9-9) ID r
(24, 1-1) NEWLINE \n
(25, 5-5) ID r
(25, 7-7) IGUAL =
(25, 9-9) ID x
(25, 11-11) SUMA +
(25, 13-13) ID y
(25, 1-1) NEWLINE \n
(26, 5-10) RETURN return
(26, 12-12) ID r
(26, 1-1) NEWLINE \n
(27, 1-1) NEWLINE \n
(28, 1-1) DEDENT
(28, 1-3) INT int
(28, 5-5) ID s
(28, 1-1) NEWLINE \n
(29, 1-1) ID s
(29, 3-3) IGUAL =
(29, 5-8) ID suma
(29, 9-9) PARENI (
(29, 10-10) NUMENTERO 3
(29, 11-11) COMA ,
(29, 13-13) NUMENTERO 4
(29, 14-14) PAREND )
(29, 1-1) NEWLINE \n
(30, 1-5) ID Write
(30, 6-6) PARENI (
(30, 7-7) ID s
(30, 8-8) PAREND )
(30, 1-1) NEWLINE \n
(31, 1-1) NEWLINE \n
(32, 1-1) NEWLINE \n
(33, 1-3) INT int
(33, 5-9) ID count
(33, 1-1) NEWLINE \n
(34, 1-5) ID count
(34, 7-7) IGUAL =
(34, 9-9) NUMENTERO 0
(34, 1-1) NEWLINE \n
(35, 1-5) WHILE while
(35, 7-11) ID count
(35, 13-13) MENORQ <
(35, 15-15) NUMENTERO 3
(35, 16-16) DOSP :
(35, 1-1) NEWLINE \n
(36, 1-1) INDENT
(36, 5-9) ID Write
(36, 10-10) PARENI (
(36, 11-15) ID count
(36, 16-16) PAREND )
(36, 1-1) NEWLINE \n
(37, 5-9) ID count
(37, 11-11) IGUAL =
(37, 13-17) ID count
(37, 19-19) SUMA +
(37, 21-21) NUMENTERO 1
(37, 1-1) NEWLINE \n
(38, 1-1) NEWLINE \n
(39, 1-1) DEDENT
(39, 1-5) FLOAT float
(39, 7-8) ID pi
(39, 1-1) NEWLINE \n
(40, 1-2) ID pi
(40, 4-4) IGUAL =
(40, 6-11) NUMDECIMAL 3.1416
(40, 1-1) NEWLINE \n
(41, 1-5) ID Write
(41, 6-6) PARENI (
(41, 7-8) ID pi
(41, 9-9) PAREND )
(41, 1-1) NEWLINE \n
(42, 1-1) NEWLINE \n
(43, 1-4) BOOL bool
(43, 6-9) ID flag
(43, 1-1) NEWLINE \n
(44, 1-4) ID flag
(44, 6-6) IGUAL =
(44, 8-11) TRUE true
(44, 1-1) NEWLINE \n
(45, 1-2) IF if
(45, 4-7) ID flag
(45, 9-10) EQUIVA ==
(45, 12-15) TRUE true
(45, 16-16) DOSP :
(45, 1-1) NEWLINE \n
(46, 1-1) INDENT
(46, 5-9) ID Write
(46, 10-10) PARENI (
(46, 11-29) CADENASTRING flag esta en true
(46, 30-30) PAREND )
(46, 1-1) NEWLINE \n
(47, 1-1) DEDENT
(47, 1-1) EOF $
