(1, 1-1) NEWLINE \n
(2, 1-1) NEWLINE \n
(3, 1-1) NEWLINE \n
(4, 1-5) WRITE write
(4, 6-6) PARENI (
(4, 7-18) CADENASTRING Hola Mundo
(4, 19-19) PAREND )
(4, 1-1) NEWLINE \n
(5, 1-1) NEWLINE \n
(6, 1-1) NEWLINE \n
(7, 1-3) INT int
(7, 5-5) ID a
(7, 7-7) IGUAL =
(7, 9-10) NUMENTERO 10
(7, 1-1) NEWLINE \n
(8, 1-3) INT int
(8, 5-5) ID b
(8, 7-7) IGUAL =
(8, 9-9) NUMENTERO 5
(8, 1-1) NEWLINE \n
(9, 1-3) INT int
(9, 5-10) ID result
(9, 12-12) IGUAL =
(9, 14-14) ID a
(9, 16-16) SUMA +
(9, 18-18) ID b
(9, 20-20) MULTI *
(9, 22-22) NUMENTERO 2
(9, 1-1) NEWLINE \n
(10, 1-5) WRITE write
(10, 6-6) PARENI (
(10, 7-12) ID result
(10, 13-13) PAREND )
(10, 1-1) NEWLINE \n
(11, 1-1) NEWLINE \n
(12, 1-1) NEWLINE \n
(13, 1-3) INT int
(13, 5-5) ID n
(13, 1-1) NEWLINE \n
(14, 1-4) READ read
(14, 5-5) PARENI (
(14, 6-6) ID n
(14, 7-7) PAREND )
(14, 1-1) NEWLINE \n
(15, 1-2) IF if
(15, 4-4) ID n
(15, 6-6) MAYORQ >
(15, 8-8) NUMENTERO 0
(15, 9-9) DOSP :
(15, 1-1) NEWLINE \n
(16, 1-1) INDENT
(16, 5-9) WRITE write
(16, 10-10) PARENI (
(16, 11-20) CADENASTRING Positivo
(16, 21-21) PAREND )
(16, 1-1) NEWLINE \n
(17, 1-1) DEDENT
(17, 1-4) ELSE else
(17, 5-5) DOSP :
(17, 1-1) NEWLINE \n
(18, 1-1) INDENT
(18, 5-9) WRITE write
(18, 10-10) PARENI (
(18, 11-27) CADENASTRING Cero o negativo
(18, 28-28) PAREND )
(18, 1-1) NEWLINE \n
(19, 1-1) NEWLINE \n
(20, 1-1) NEWLINE \n
(21, 1-1) DEDENT
(21, 1-7) FUNCION funcion
(21, 9-12) ID suma
(21, 13-13) PARENI (
(21, 14-16) INT int
(21, 18-18) ID x
(21, 19-19) COMA ,
(21, 21-23) INT int
(21, 25-25) ID y
(21, 26-26) PAREND )
(21, 27-27) DOSP :
(21, 1-1) NEWLINE \n
(22, 1-1) INDENT
(22, 5-7) INT int
(22, 9-9) ID r
(22, 11-11) IGUAL =
(22, 13-13) ID x
(22, 15-15) SUMA +
(22, 17-17) ID y
(22, 1-1) NEWLINE \n
(23, 5-10) RETURN return
(23, 12-12) ID r
(23, 1-1) NEWLINE \n
(24, 1-1) NEWLINE \n
(25, 1-1) DEDENT
(25, 1-3) INT int
(25, 5-5) ID s
(25, 7-7) IGUAL =
(25, 9-12) ID suma
(25, 13-13) PARENI (
(25, 14-14) NUMENTERO 3
(25, 15-15) COMA ,
(25, 17-17) NUMENTERO 4
(25, 18-18) PAREND )
(25, 1-1) NEWLINE \n
(26, 1-5) WRITE write
(26, 6-6) PARENI (
(26, 7-7) ID s
(26, 8-8) PAREND )
(26, 1-1) NEWLINE \n
(27, 1-1) NEWLINE \n
(28, 1-1) NEWLINE \n
(29, 1-3) INT int
(29, 5-9) ID count
(29, 11-11) IGUAL =
(29, 13-13) NUMENTERO 0
(29, 1-1) NEWLINE \n
(30, 1-5) WHILE while
(30, 7-11) ID count
(30, 13-13) MENORQ <
(30, 15-15) NUMENTERO 3
(30, 16-16) DOSP :
(30, 1-1) NEWLINE \n
(31, 1-1) INDENT
(31, 5-9) WRITE write
(31, 10-10) PARENI (
(31, 11-15) ID count
(31, 16-16) PAREND )
(31, 1-1) NEWLINE \n
(32, 5-9) ID count
(32, 11-11) IGUAL =
(32, 13-17) ID count
(32, 19-19) SUMA +
(32, 21-21) NUMENTERO 1
(32, 1-1) NEWLINE \n
(33, 1-1) NEWLINE \n
(34, 1-1) NEWLINE \n
(35, 1-1) DEDENT
(35, 1-5) FLOAT float
(35, 7-8) ID pi
(35, 10-10) IGUAL =
(35, 12-17) NUMDECIMAL 3.1416
(35, 1-1) NEWLINE \n
(36, 1-5) WRITE write
(36, 6-6) PARENI (
(36, 7-8) ID pi
(36, 9-9) PAREND )
(36, 1-1) NEWLINE \n
(37, 1-1) NEWLINE \n
(38, 1-4) BOOL bool
(38, 6-9) ID flag
(38, 11-11) IGUAL =
(38, 13-16) TRUE true
(38, 1-1) NEWLINE \n
(39, 1-2) IF if
(39, 4-7) ID flag
(39, 9-10) EQUIVA ==
(39, 12-15) TRUE true
(39, 16-16) DOSP :
(39, 1-1) NEWLINE \n
(40, 1-1) INDENT
(40, 5-9) WRITE write
(40, 10-10) PARENI (
(40, 11-29) CADENASTRING flag esta en true
(40, 30-30) PAREND )
(40, 1-1) NEWLINE \n
(41, 1-1) DEDENT
(41, 1-1) EOF $
