(1, 1-1) NEWLINE \n
(2, 1-1) NEWLINE \n
(3, 1-1) NEWLINE \n
(4, 1-7) FUNCION funcion
(4, 9-11) ID inc
(4, 12-12) PARENI (
(4, 13-15) INT int
(4, 17-17) ID x
(4, 18-18) PAREND )
(4, 19-19) DOSP :
(4, 1-1) NEWLINE \n
(5, 1-1) INDENT
(5, 5-10) RETURN return
(5, 12-12) ID x
(5, 14-14) SUMA +
(5, 16-16) NUMENTERO 1
(5, 17-17) NEWLINE \n
(5, 1-1) NEWLINE \n
(6, 1-1) NEWLINE \n
(7, 1-1) DEDENT
(7, 1-3) INT int
(7, 5-5) ID a
(7, 6-6) NEWLINE \n
(7, 1-1) NEWLINE \n
(8, 1-1) ID a
(8, 3-3) IGUAL =
(8, 5-5) NUMENTERO 0
(8, 6-6) NEWLINE \n
(8, 1-1) NEWLINE \n
(9, 1-1) NEWLINE \n
(10, 1-1) NEWLINE \n
(11, 1-7) FUNCION funcion
(11, 9-11) ID bad
(11, 12-12) PARENI (
(11, 13-15) INT int
(11, 17-17) ID x
(11, 18-18) COMA ,
(11, 20-22) INT int
(11, 24-24) ID y
(11, 25-25) PAREND )
(11, 1-1) NEWLINE \n
(12, 1-1) INDENT
(12, 5-9) ID Write
(12, 10-10) PARENI (
(12, 11-21) CADENASTRING after bad
(12, 22-22) PAREND )
(12, 23-23) NEWLINE \n
(12, 1-1) NEWLINE \n
(13, 1-1) NEWLINE \n
(14, 1-1) NEWLINE \n
(15, 1-1) DEDENT
(15, 1-3) INT int
(15, 5-5) IGUAL =
(15, 7-7) NUMENTERO 5
(15, 8-8) NEWLINE \n
(15, 1-1) NEWLINE \n
(16, 1-1) NEWLINE \n
(17, 1-1) NEWLINE \n
(18, 1-1) ID a
(18, 3-3) IGUAL =
(18, 5-7) ID inc
(18, 8-8) PARENI (
(18, 9-9) NUMENTERO 1
(18, 10-10) COMA ,
(18, 11-11) PAREND )
(18, 12-12) NEWLINE \n
(18, 1-1) NEWLINE \n
(19, 1-1) NEWLINE \n
(20, 1-1) NEWLINE \n
(21, 1-7) FUNCION funcion
(21, 9-13) ID vacia
(21, 14-14) PARENI (
(21, 15-15) PAREND )
(21, 16-16) DOSP :
(21, 1-1) NEWLINE \n
(22, 1-5) ID Write
(22, 6-6) PARENI (
(22, 7-17) CADENASTRING no indent
(22, 18-18) PAREND )
(22, 19-19) NEWLINE \n
(22, 1-1) NEWLINE \n
(23, 1-1) NEWLINE \n
(24, 1-1) NEWLINE \n
(25, 1-2) IF if
(25, 4-4) ID a
(25, 6-6) MAYORQ >
(25, 8-8) NUMENTERO 0
(25, 9-9) DOSP :
(25, 1-1) NEWLINE \n
(26, 1-1) INDENT
(26, 5-9) ID Write
(26, 10-10) PARENI (
(26, 11-21) CADENASTRING no indent
(26, 22-22) PAREND )
(26, 23-23) NEWLINE \n
(26, 1-1) NEWLINE \n
(27, 1-1) NEWLINE \n
(28, 1-1) NEWLINE \n
(29, 1-1) DEDENT
(29, 1-1) ID a
(29, 3-3) IGUAL =
(29, 5-5) NUMENTERO 1
(29, 7-7) SUMA +
(29, 9-9) MULTI *
(29, 11-11) NUMENTERO 2
(29, 12-12) NEWLINE \n
(29, 1-1) NEWLINE \n
(30, 1-1) EOF $
