(1, 1-1) NEWLINE \n
(2, 1-1) NEWLINE \n
(3, 1-3) INT int
(3, 5-5) ID a
(3, 6-6) NEWLINE \n
(3, 1-1) NEWLINE \n
(4, 1-3) INT int
(4, 5-5) ID b
(4, 6-6) NEWLINE \n
(4, 1-1) NEWLINE \n
(5, 1-1) ID a
(5, 3-3) IGUAL =
(5, 5-6) NUMENTERO 10
(5, 7-7) NEWLINE \n
(5, 1-1) NEWLINE \n
(6, 1-1) ID b
(6, 3-3) IGUAL =
(6, 5-5) NUMENTERO 5
(6, 6-6) NEWLINE \n
(6, 1-1) NEWLINE \n
(7, 1-1) NEWLINE \n
(8, 1-5) ID Write
(8, 6-6) PARENI (
(8, 7-18) CADENASTRING Hola Mundo
(8, 19-19) PAREND )
(8, 21-21) ID a
(8, 23-23) IGUAL =
(8, 25-25) NUMENTERO 1
(8, 26-26) NEWLINE \n
(8, 1-1) NEWLINE \n
(9, 1-1) NEWLINE \n
(10, 1-5) ID Write
(10, 6-6) PARENI (
(10, 7-21) CADENASTRING Missing paren
(10, 22-22) NEWLINE \n
(10, 1-1) NEWLINE \n
(11, 1-1) NEWLINE \n
(12, 1-2) IF if
(12, 4-4) ID a
(12, 6-6) MAYORQ >
(12, 8-8) ID b
(12, 9-9) DOSP :
(12, 1-1) NEWLINE \n
(13, 1-1) INDENT
(13, 5-9) ID Write
(13, 10-10) PARENI (
(13, 11-20) CADENASTRING after if
(13, 21-21) PAREND )
(13, 22-22) NEWLINE \n
(13, 1-1) NEWLINE \n
(14, 1-1) NEWLINE \n
(15, 1-1) DEDENT
(15, 1-5) WHILE while
(15, 7-7) ID a
(15, 9-9) MENORQ <
(15, 11-12) NUMENTERO 20
(15, 13-13) DOSP :
(15, 1-1) NEWLINE \n
(16, 1-5) ID Write
(16, 6-6) PARENI (
(16, 7-17) CADENASTRING no indent
(16, 18-18) PAREND )
(16, 19-19) NEWLINE \n
(16, 1-1) NEWLINE \n
(17, 1-1) ID a
(17, 3-3) IGUAL =
(17, 5-5) ID a
(17, 7-7) SUMA +
(17, 9-9) NUMENTERO 1
(17, 10-10) NEWLINE \n
(17, 1-1) NEWLINE \n
(18, 1-1) NEWLINE \n
(19, 1-1) ID b
(19, 3-3) IGUAL =
(19, 5-5) PARENI (
(19, 6-6) ID a
(19, 8-8) SUMA +
(19, 10-10) NUMENTERO 2
(19, 11-11) PAREND )
(19, 12-12) PAREND )
(19, 13-13) NEWLINE \n
(19, 1-1) NEWLINE \n
(20, 1-1) NEWLINE \n
(21, 1-1) ID a
(21, 3-3) IGUAL =
(21, 5-8) ID suma
(21, 9-9) PARENI (
(21, 10-10) NUMENTERO 1
(21, 12-12) NUMENTERO 2
(21, 13-13) PAREND )
(21, 14-14) NEWLINE \n
(21, 1-1) NEWLINE \n
(22, 1-1) EOF $
