(1, 1-1) NEWLINE \n
(2, 1-1) NEWLINE \n
(3, 1-1) NEWLINE \n
(4, 1-1) NEWLINE \n
(5, 1-1) NEWLINE \n
(6, 1-1) NEWLINE \n
(7, 1-1) NEWLINE \n
(8, 1-1) NEWLINE \n
(9, 1-5) ID Write
(9, 6-6) PARENI (
(9, 7-18) CADENASTRING Hola Mundo
(9, 19-19) PAREND )
(9, 20-20) NEWLINE \n
(9, 1-1) NEWLINE \n
(10, 1-1) NEWLINE \n
(11, 1-3) INT int
(11, 5-5) ID a
(11, 6-6) NEWLINE \n
(11, 1-1) NEWLINE \n
(12, 1-3) INT int
(12, 5-5) ID b
(12, 6-6) NEWLINE \n
(12, 1-1) NEWLINE \n
(13, 1-3) INT int
(13, 5-10) ID result
(13, 11-11) NEWLINE \n
(13, 1-1) NEWLINE \n
(14, 1-1) ID a
(14, 3-3) IGUAL =
(14, 5-6) NUMENTERO 10
(14, 7-7) NEWLINE \n
(14, 1-1) NEWLINE \n
(15, 1-1) ID b
(15, 3-3) IGUAL =
(15, 5-5) NUMENTERO 5
(15, 6-6) NEWLINE \n
(15, 1-1) NEWLINE \n
(16, 1-6) ID result
(16, 8-8) IGUAL =
(16, 10-10) ID a
(16, 12-12) SUMA +
(16, 14-14) ID b
(16, 16-16) MULTI *
(16, 18-18) NUMENTERO 2
(16, 19-19) NEWLINE \n
(16, 1-1) NEWLINE \n
(17, 1-5) ID Write
(17, 6-6) PARENI (
(17, 7-12) ID result
(17, 13-13) PAREND )
(17, 14-14) NEWLINE \n
(17, 1-1) NEWLINE \n
(18, 1-1) NEWLINE \n
(19, 1-3) INT int
(19, 5-5) ID n
(19, 6-6) NEWLINE \n
(19, 1-1) NEWLINE \n
(20, 1-5) ID Write
(20, 6-6) PARENI (
(20, 7-26) CADENASTRING Ingrese un numero:
(20, 27-27) PAREND )
(20, 28-28) NEWLINE \n
(20, 1-1) NEWLINE \n
(21, 1-4) ID Read
(21, 5-5) PARENI (
(21, 6-6) ID n
(21, 7-7) PAREND )
(21, 8-8) NEWLINE \n
(21, 1-1) NEWLINE \n
(22, 1-2) IF if
(22, 4-4) ID n
(22, 6-6) MAYORQ >
(22, 8-8) NUMENTERO 0
(22, 9-9) DOSP :
(22, 1-1) NEWLINE \n
(23, 1-1) INDENT
(23, 5-9) ID Write
(23, 10-10) PARENI (
(23, 11-20) CADENASTRING Positivo
(23, 21-21) PAREND )
(23, 22-22) NEWLINE \n
(23, 1-1) NEWLINE \n
(24, 1-1) DEDENT
(24, 1-4) ELSE else
(24, 5-5) DOSP :
(24, 1-1) NEWLINE \n
(25, 1-1) INDENT
(25, 5-9) ID Write
(25, 10-10) PARENI (
(25, 11-27) CADENASTRING Cero o negativo
(25, 28-28) PAREND )
(25, 29-29) NEWLINE \n
(25, 1-1) NEWLINE \n
(26, 1-1) NEWLINE \n
(27, 1-1) DEDENT
(27, 1-7) FUNCION funcion
(27, 9-12) ID suma
(27, 13-13) PARENI (
(27, 14-16) INT int
(27, 18-18) ID x
(27, 19-19) COMA ,
(27, 21-23) INT int
(27, 25-25) ID y
(27, 26-26) PAREND )
(27, 27-27) DOSP :
(27, 1-1) NEWLINE \n
(28, 1-1) INDENT
(28, 5-7) INT int
(28, 9-9) ID r
(28, 10-10) NEWLINE \n
(28, 1-1) NEWLINE \n
(29, 5-5) ID r
(29, 7-7) IGUAL =
(29, 9-9) ID x
(29, 11-11) SUMA +
(29, 13-13) ID y
(29, 14-14) NEWLINE \n
(29, 1-1) NEWLINE \n
(30, 5-10) RETURN return
(30, 12-12) ID r
(30, 13-13) NEWLINE \n
(30, 1-1) NEWLINE \n
(31, 1-1) DEDENT
(31, 1-3) INT int
(31, 5-5) ID s
(31, 6-6) NEWLINE \n
(31, 1-1) NEWLINE \n
(32, 1-1) ID s
(32, 3-3) IGUAL =
(32, 5-8) ID suma
(32, 9-9) PARENI (
(32, 10-10) NUMENTERO 3
(32, 11-11) COMA ,
(32, 13-13) NUMENTERO 4
(32, 14-14) PAREND )
(32, 15-15) NEWLINE \n
(32, 1-1) NEWLINE \n
(33, 1-5) ID Write
(33, 6-6) PARENI (
(33, 7-7) ID s
(33, 8-8) PAREND )
(33, 9-9) NEWLINE \n
(33, 1-1) NEWLINE \n
(34, 1-1) NEWLINE \n
(35, 1-3) INT int
(35, 5-9) ID count
(35, 10-10) NEWLINE \n
(35, 1-1) NEWLINE \n
(36, 1-5) ID count
(36, 7-7) IGUAL =
(36, 9-9) NUMENTERO 0
(36, 10-10) NEWLINE \n
(36, 1-1) NEWLINE \n
(37, 1-5) WHILE while
(37, 7-11) ID count
(37, 13-13) MENORQ <
(37, 15-15) NUMENTERO 3
(37, 16-16) DOSP :
(37, 1-1) NEWLINE \n
(38, 1-1) INDENT
(38, 5-9) ID Write
(38, 10-10) PARENI (
(38, 11-15) ID count
(38, 16-16) PAREND )
(38, 17-17) NEWLINE \n
(38, 1-1) NEWLINE \n
(39, 5-9) ID count
(39, 11-11) IGUAL =
(39, 13-17) ID count
(39, 19-19) SUMA +
(39, 21-21) NUMENTERO 1
(39, 22-22) NEWLINE \n
(39, 1-1) NEWLINE \n
(40, 1-1) NEWLINE \n
(41, 1-1) DEDENT
(41, 1-5) FLOAT float
(41, 7-8) ID pi
(41, 9-9) NEWLINE \n
(41, 1-1) NEWLINE \n
(42, 1-2) ID pi
(42, 4-4) IGUAL =
(42, 6-11) NUMDECIMAL 3.1416
(42, 12-12) NEWLINE \n
(42, 1-1) NEWLINE \n
(43, 1-5) ID Write
(43, 6-6) PARENI (
(43, 7-8) ID pi
(43, 9-9) PAREND )
(43, 10-10) NEWLINE \n
(43, 1-1) NEWLINE \n
(44, 1-4) BOOL bool
(44, 6-9) ID flag
(44, 10-10) NEWLINE \n
(44, 1-1) NEWLINE \n
(45, 1-4) ID flag
(45, 6-6) IGUAL =
(45, 8-11) TRUE true
(45, 12-12) NEWLINE \n
(45, 1-1) NEWLINE \n
(46, 1-2) IF if
(46, 4-6) NOT not
(46, 8-11) ID flag
(46, 13-14) EQUIVA ==
(46, 16-20) FALSE false
(46, 21-21) DOSP :
(46, 1-1) NEWLINE \n
(47, 1-1) INDENT
(47, 5-9) ID Write
(47, 10-10) PARENI (
(47, 11-29) CADENASTRING flag esta en true
(47, 30-30) PAREND )
(47, 31-31) NEWLINE \n
(47, 1-1) NEWLINE \n
(48, 1-1) DEDENT
(48, 1-1) EOF $
