(1, 1-1) NEWLINE \n
(2, 1-1) NEWLINE \n
(3, 1-1) NEWLINE \n
(4, 1-3) INT int
(4, 5-35) ID thisIdentifierIsDefinitelyMoreT
(4, 56-56) NEWLINE \n
(4, 1-1) NEWLINE \n
(5, 1-1) NEWLINE \n
(6, 1-3) INT int
(6, 5-5) ID x
(6, 6-6) NEWLINE \n
(6, 1-1) NEWLINE \n
(7, 1-1) ID x
(7, 3-3) IGUAL =
(7, 5-6) NUMENTERO 10
(7, 7-7) NEWLINE \n
(7, 1-1) NEWLINE \n
(8, 1-1) NEWLINE \n
(9, 1-1) NEWLINE \n
(10, 1-1) ID x
(10, 3-3) IGUAL =
(10, 5-5) ID x
(10, 7-7) SUMA +
(10, 10-10) NUMENTERO 5
(10, 11-11) NEWLINE \n
(10, 1-1) NEWLINE \n
(11, 1-1) NEWLINE \n
(12, 1-1) NEWLINE \n
(13, 1-2) IF if
(13, 4-4) ID x
(13, 6-6) MAYORQ >
(13, 8-8) NUMENTERO 0
(13, 1-1) NEWLINE \n
(14, 1-1) INDENT
(14, 5-9) ID Write
(14, 10-10) PARENI (
(14, 11-20) CADENASTRING positivo
(14, 21-21) PAREND )
(14, 22-22) NEWLINE \n
(14, 1-1) NEWLINE \n
(15, 1-1) NEWLINE \n
(16, 1-1) NEWLINE \n
(17, 1-1) DEDENT
(17, 1-4) ID Read
(17, 5-5) PARENI (
(17, 6-6) ID x
(17, 7-7) NEWLINE \n
(17, 1-1) NEWLINE \n
(18, 1-1) NEWLINE \n
(19, 1-1) NEWLINE \n
(20, 1-1) ID x
(20, 3-3) IGUAL =
(20, 5-8) ID suma
(20, 9-9) PARENI (
(20, 10-10) NUMENTERO 1
(20, 12-12) NUMENTERO 2
(20, 13-13) PAREND )
(20, 14-14) NEWLINE \n
(20, 1-1) NEWLINE \n
(21, 1-1) EOF $
