(1, 1-7) FUNCION funcion
(1, 9-12) ID suma
(1, 13-13) PARENI (
(1, 14-16) INT int
(1, 18-18) ID a
(1, 19-19) COMA ,
(1, 21-23) INT int
(1, 25-25) ID b
(1, 26-26) PAREND )
(1, 27-27) DOSP :
(1, 1-1) NEWLINE \n
(2, 1-1) INDENT
(2, 5-10) RETURN return
(2, 12-12) ID a
(2, 14-14) SUMA +
(2, 16-16) ID b
(2, 1-1) NEWLINE \n
(3, 1-1) NEWLINE \n
(4, 1-1) DEDENT
(4, 1-3) INT int
(4, 5-13) ID resultado
(4, 15-15) IGUAL =
(4, 17-20) ID suma
(4, 21-21) PARENI (
(4, 22-22) NUMENTERO 3
(4, 23-23) COMA ,
(4, 25-25) NUMENTERO 4
(4, 26-26) PAREND )
(4, 1-1) NEWLINE \n
(5, 1-5) WRITE write
(5, 6-6) PARENI (
(5, 7-15) ID resultado
(5, 16-16) PAREND )
(5, 1-1) NEWLINE \n
(6, 1-1) EOF $
