(1, 1-3) INT int
(1, 5-5) ID x
(1, 1-1) NEWLINE \n
(2, 1-4) READ read
(2, 5-5) PARENI (
(2, 6-6) ID x
(2, 7-7) PAREND )
(2, 1-1) NEWLINE \n
(3, 1-2) IF if
(3, 4-4) ID x
(3, 6-6) MAYORQ >
(3, 8-8) NUMENTERO 0
(3, 9-9) DOSP :
(3, 1-1) NEWLINE \n
(4, 1-1) INDENT
(4, 5-9) WRITE write
(4, 10-10) PARENI (
(4, 11-20) CADENASTRING positivo
(4, 21-21) PAREND )
(4, 1-1) NEWLINE \n
(5, 1-1) DEDENT
(5, 1-4) ELSE else
(5, 5-5) DOSP :
(5, 1-1) NEWLINE \n
(6, 1-1) INDENT
(6, 5-9) WRITE write
(6, 10-10) PARENI (
(6, 11-27) CADENASTRING negativo o cero
(6, 28-28) PAREND )
(6, 1-1) NEWLINE \n
(7, 1-1) DEDENT
(7, 1-1) EOF $
