(1, 1-3) INT int
(1, 5-5) ID a
(1, 1-1) NEWLINE \n
(2, 1-3) INT int
(2, 5-5) ID b
(2, 1-1) NEWLINE \n
(3, 1-3) INT int
(3, 5-13) ID resultado
(3, 1-1) NEWLINE \n
(4, 1-1) NEWLINE \n
(5, 1-1) ID a
(5, 3-3) IGUAL =
(5, 5-5) NUMENTERO 5
(5, 1-1) NEWLINE \n
(6, 1-1) ID b
(6, 3-3) IGUAL =
(6, 5-5) NUMENTERO 3
(6, 1-1) NEWLINE \n
(7, 1-9) ID resultado
(7, 11-11) IGUAL =
(7, 13-13) ID a
(7, 15-15) OP_ARIT +
(7, 17-17) ID b
(7, 1-1) NEWLINE \n
(8, 1-1) NEWLINE \n
(9, 1-5) WRITE write
(9, 7-15) ID resultado
(9, 1-1) NEWLINE \n
(10, 1-1) EOF $
