(1, 1-3) INT int
(1, 5-5) ID x
(1, 1-1) NEWLINE \n
(2, 1-5) FLOAT float
(2, 7-7) ID y
(2, 1-1) NEWLINE \n
(3, 1-6) STRING string
(3, 8-14) ID mensaje
(3, 1-1) NEWLINE \n
(4, 1-4) BOOL bool
(4, 6-11) ID activo
(4, 1-1) NEWLINE \n
(5, 1-1) NEWLINE \n
(6, 1-1) ID x
(6, 3-3) IGUAL =
(6, 5-6) NUMENTERO 10
(6, 1-1) NEWLINE \n
(7, 1-1) ID y
(7, 3-3) IGUAL =
(7, 5-7) NUMDECIMAL 5.5
(7, 1-1) NEWLINE \n
(8, 1-7) ID mensaje
(8, 9-9) IGUAL =
(8, 11-22) CADENASTRING Hola Mundo
(8, 1-1) NEWLINE \n
(9, 1-6) ID activo
(9, 8-8) IGUAL =
(9, 10-13) TRUE true
(9, 1-1) NEWLINE \n
(10, 1-1) NEWLINE \n
(11, 1-2) IF if
(11, 4-4) ID x
(11, 6-7) OPDOBLE>=
(11, 9-10) NUMENTERO 10
(11, 11-11) DOSP :
(11, 1-1) NEWLINE \n
(12, 1-1) INDENT
(12, 5-9) WRITE write
(12, 11-17) ID mensaje
(12, 1-1) NEWLINE \n
(13, 5-5) ID x
(13, 7-7) IGUAL =
(13, 9-9) ID x
(13, 11-11) OP_ARIT +
(13, 13-13) NUMENTERO 1
(13, 1-1) NEWLINE \n
(14, 1-1) DEDENT
(14, 1-4) ELSE else
(14, 5-5) DOSP :
(14, 1-1) NEWLINE \n
(15, 1-1) INDENT
(15, 5-9) WRITE write
(15, 11-24) CADENASTRING Menor a diez
(15, 1-1) NEWLINE \n
(16, 1-1) DEDENT
(16, 1-1) NEWLINE \n
(17, 1-5) WHILE while
(17, 7-7) ID x
(17, 9-10) OPDOBLE!=
(17, 12-13) NUMENTERO 15
(17, 14-14) DOSP :
(17, 1-1) NEWLINE \n
(18, 1-1) INDENT
(18, 5-5) ID x
(18, 7-7) IGUAL =
(18, 9-9) ID x
(18, 11-11) OP_ARIT +
(18, 13-13) NUMENTERO 1
(18, 1-1) NEWLINE \n
(19, 1-1) DEDENT
(19, 1-1) NEWLINE \n
(20, 1-4) READ read
(20, 6-6) ID x
(20, 1-1) NEWLINE \n
(21, 1-5) WRITE write
(21, 7-10) ID suma
(21, 11-11) PARENI (
(21, 12-12) ID x
(21, 13-13) COMA ,
(21, 15-15) ID y
(21, 16-16) PAREND )
(21, 1-1) NEWLINE \n
(22, 1-1) EOF $
