(1, 3-10) ID Programa
(1, 12-13) ID de
(1, 15-20) ID prueba
(1, 22-29) ID completo
(1, 31-34) ID para
(1, 36-43) ID MiniLang
(1, 1-1) NEWLINE \n
(2, 1-1) NEWLINE \n
(3, 1-7) ID funcion
(3, 9-24) ID calcularPromedio
(3, 25-25) PARENI (
(3, 26-26) ID a
(3, 27-27) COMA ,
(3, 29-29) ID b
(3, 30-30) COMA ,
(3, 32-32) ID c
(3, 33-33) PAREND )
(3, 34-34) DOSP :
(3, 1-1) NEWLINE \n
(4, 1-1) INDENT
(4, 5-9) FLOAT float
(4, 11-14) ID suma
(4, 1-1) NEWLINE \n
(5, 5-8) ID suma
(5, 10-10) IGUAL =
(5, 12-12) ID a
(5, 14-14) OP_ARIT +
(5, 16-16) ID b
(5, 18-18) OP_ARIT +
(5, 20-20) ID c
(5, 1-1) NEWLINE \n
(6, 5-10) ID return
(6, 12-15) ID suma
(6, 17-17) OP_ARIT /
(6, 19-19) NUMENTERO 3
(6, 1-1) NEWLINE \n
(7, 1-1) DEDENT
(7, 1-1) NEWLINE \n
(8, 1-3) INT int
(8, 5-5) ID x
(8, 1-1) NEWLINE \n
(9, 1-3) INT int
(9, 5-5) ID y
(9, 1-1) NEWLINE \n
(10, 1-3) INT int
(10, 5-5) ID z
(10, 1-1) NEWLINE \n
(11, 1-5) FLOAT float
(11, 7-14) ID promedio
(11, 1-1) NEWLINE \n
(12, 1-4) BOOL bool
(12, 6-13) ID aprobado
(12, 1-1) NEWLINE \n
(13, 1-6) STRING string
(13, 8-14) ID mensaje
(13, 1-1) NEWLINE \n
(14, 1-1) NEWLINE \n
(15, 1-5) WRITE write
(15, 7-27) CADENASTRING Ingrese tres notas:
(15, 1-1) NEWLINE \n
(16, 1-4) READ read
(16, 6-6) ID x
(16, 1-1) NEWLINE \n
(17, 1-4) READ read
(17, 6-6) ID y
(17, 1-1) NEWLINE \n
(18, 1-4) READ read
(18, 6-6) ID z
(18, 1-1) NEWLINE \n
(19, 1-1) NEWLINE \n
(20, 1-8) ID promedio
(20, 10-10) IGUAL =
(20, 12-27) ID calcularPromedio
(20, 28-28) PARENI (
(20, 29-29) ID x
(20, 30-30) COMA ,
(20, 32-32) ID y
(20, 33-33) COMA ,
(20, 35-35) ID z
(20, 36-36) PAREND )
(20, 1-1) NEWLINE \n
(21, 1-1) NEWLINE \n
(22, 1-2) IF if
(22, 4-11) ID promedio
(22, 13-14) OPDOBLE >=
(22, 16-17) NUMENTERO 61
(22, 18-18) DOSP :
(22, 1-1) NEWLINE \n
(23, 1-1) INDENT
(23, 5-12) ID aprobado
(23, 14-14) IGUAL =
(23, 16-19) TRUE true
(23, 1-1) NEWLINE \n
(24, 5-11) ID mensaje
(24, 13-13) IGUAL =
(24, 15-35) CADENASTRING Estudiante aprobado
(24, 1-1) NEWLINE \n
(25, 1-1) DEDENT
(25, 1-4) ELSE else
(25, 5-5) DOSP :
(25, 1-1) NEWLINE \n
(26, 1-1) INDENT
(26, 5-12) ID aprobado
(26, 14-14) IGUAL =
(26, 16-20) FALSE false
(26, 1-1) NEWLINE \n
(27, 5-11) ID mensaje
(27, 13-13) IGUAL =
(27, 15-36) CADENASTRING Estudiante reprobado
(27, 1-1) NEWLINE \n
(28, 1-1) DEDENT
(28, 1-1) NEWLINE \n
(29, 1-3) INT int
(29, 5-12) ID contador
(29, 1-1) NEWLINE \n
(30, 1-8) ID contador
(30, 10-10) IGUAL =
(30, 12-12) NUMENTERO 0
(30, 1-1) NEWLINE \n
(31, 1-1) NEWLINE \n
(32, 1-5) WHILE while
(32, 7-14) ID contador
(32, 16-16) OP_REL <
(32, 18-18) NUMENTERO 3
(32, 19-19) DOSP :
(32, 1-1) NEWLINE \n
(33, 1-1) INDENT
(33, 5-9) WRITE write
(33, 11-18) ID contador
(33, 1-1) NEWLINE \n
(34, 5-12) ID contador
(34, 14-14) IGUAL =
(34, 16-23) ID contador
(34, 25-25) OP_ARIT +
(34, 27-27) NUMENTERO 1
(34, 1-1) NEWLINE \n
(35, 1-1) DEDENT
(35, 1-1) NEWLINE \n
(36, 1-5) WRITE write
(36, 7-13) ID mensaje
(36, 1-1) NEWLINE \n
(37, 1-5) WRITE write
(37, 7-23) CADENASTRING Promedio final:
(37, 1-1) NEWLINE \n
(38, 1-5) WRITE write
(38, 7-14) ID promedio
(38, 1-1) NEWLINE \n
(39, 1-1) $
