(1, 1-3) INT int
(1, 5-12) ID contador
(1, 1-1) NEWLINE \n
(2, 1-3) INT int
(2, 5-10) ID limite
(2, 1-1) NEWLINE \n
(3, 1-1) NEWLINE \n
(4, 1-8) ID contador
(4, 10-10) IGUAL =
(4, 12-12) NUMENTERO 0
(4, 1-1) NEWLINE \n
(5, 1-1) NEWLINE \n
(6, 1-4) READ read
(6, 6-11) ID limite
(6, 1-1) NEWLINE \n
(7, 1-1) NEWLINE \n
(8, 1-5) WHILE while
(8, 7-14) ID contador
(8, 16-16) OP_REL <
(8, 18-23) ID limite
(8, 24-24) DOSP :
(8, 1-1) NEWLINE \n
(9, 1-1) INDENT
(9, 5-9) WRITE write
(9, 11-18) ID contador
(9, 1-1) NEWLINE \n
(10, 5-12) ID contador
(10, 14-14) IGUAL =
(10, 16-23) ID contador
(10, 25-25) OP_ARIT +
(10, 27-27) NUMENTERO 1
(10, 1-1) NEWLINE \n
(11, 1-1) DEDENT
(11, 1-1) NEWLINE \n
(12, 1-5) WRITE write
(12, 7-21) CADENASTRING Fin del ciclo
(12, 1-1) NEWLINE \n
(13, 1-1) $
