(1, 1-1) NEWLINE \n
(2, 1-1) NEWLINE \n
(3, 1-3) INT int
(3, 5-5) ID x
(3, 1-1) NEWLINE \n
(4, 1-1) ID x
(4, 3-3) IGUAL =
(4, 5-6) NUMENTERO 10
(4, 1-1) NEWLINE \n
(5, 1-1) NEWLINE \n
(6, 1-1) NEWLINE \n
(7, 1-1) ID x
(7, 3-3) IGUAL =
(7, 5-5) ID x
(7, 9-9) NUMENTERO 2
(7, 1-1) NEWLINE \n
(8, 1-1) NEWLINE \n
(9, 1-1) NEWLINE \n
(10, 1-5) ID Write
(10, 6-6) PARENI (
(10, 1-1) NEWLINE \n
(11, 1-1) NEWLINE \n
(12, 1-1) NEWLINE \n
(13, 1-5) FLOAT float
(13, 7-7) ID y
(13, 1-1) NEWLINE \n
(14, 1-1) ID y
(14, 3-3) IGUAL =
(14, 5-7) NUMDECIMAL 12.
(14, 9-9) NUMENTERO 3
(14, 1-1) NEWLINE \n
(15, 1-1) NEWLINE \n
(16, 1-3) INT int
(16, 5-35) ID thisIdentifierIsDefinitelyMoreT
(16, 1-1) NEWLINE \n
(17, 1-31) ID thisIdentifierIsDefinitelyMoreT
(17, 53-53) IGUAL =
(17, 55-55) NUMENTERO 1
(17, 1-1) NEWLINE \n
(18, 1-1) NEWLINE \n
(19, 1-2) IF if
(19, 4-4) ID x
(19, 6-6) OP_REL >
(19, 8-8) NUMENTERO 0
(19, 9-9) DOSP :
(19, 1-1) NEWLINE \n
(20, 5-9) ID Write
(20, 10-10) PARENI (
(20, 11-14) CADENASTRING ok
(20, 15-15) PAREND )
(20, 1-1) NEWLINE \n
(21, 3-7) ID Write
(21, 8-8) PARENI (
(21, 9-20) CADENASTRING bad indent
(21, 21-21) PAREND )
(21, 27-27) PARENI (
(21, 28-28) NUMENTERO 2
(21, 30-33) ID tabs
(21, 34-34) PAREND )
(21, 36-42) ID debería
(21, 44-51) ID provocar
(21, 53-57) ID error
(21, 59-60) ID de
(21, 62-72) ID indentación
(21, 1-1) NEWLINE \n
(22, 1-1) NEWLINE \n
(23, 1-1) NEWLINE \n
(24, 1-5) ID Write
(24, 6-6) PARENI (
(24, 8-8) ID x
(24, 9-9) PAREND )
(24, 1-1) NEWLINE \n
(25, 1-1) $
