(1, 1-7) ID funcion
(1, 9-12) ID suma
(1, 13-13) PARENI (
(1, 14-14) ID a
(1, 15-15) COMA ,
(1, 17-17) ID b
(1, 18-18) PAREND )
(1, 19-19) DOSP :
(1, 1-1) NEWLINE \n
(2, 1-1) INDENT
(2, 5-7) INT int
(2, 9-17) ID resultado
(2, 1-1) NEWLINE \n
(3, 5-13) ID resultado
(3, 15-15) IGUAL =
(3, 17-17) ID a
(3, 19-19) OP_ARIT +
(3, 21-21) ID b
(3, 1-1) NEWLINE \n
(4, 5-10) ID return
(4, 12-20) ID resultado
(4, 1-1) NEWLINE \n
(5, 1-1) DEDENT
(5, 1-1) NEWLINE \n
(6, 1-3) INT int
(6, 5-5) ID x
(6, 1-1) NEWLINE \n
(7, 1-3) INT int
(7, 5-5) ID y
(7, 1-1) NEWLINE \n
(8, 1-3) INT int
(8, 5-9) ID total
(8, 1-1) NEWLINE \n
(9, 1-1) NEWLINE \n
(10, 1-1) ID x
(10, 3-3) IGUAL =
(10, 5-5) NUMENTERO 4
(10, 1-1) NEWLINE \n
(11, 1-1) ID y
(11, 3-3) IGUAL =
(11, 5-5) NUMENTERO 6
(11, 1-1) NEWLINE \n
(12, 1-1) NEWLINE \n
(13, 1-5) ID total
(13, 7-7) IGUAL =
(13, 9-12) ID suma
(13, 13-13) PARENI (
(13, 14-14) ID x
(13, 15-15) COMA ,
(13, 17-17) ID y
(13, 18-18) PAREND )
(13, 1-1) NEWLINE \n
(14, 1-1) NEWLINE \n
(15, 1-5) WRITE write
(15, 7-11) ID total
(15, 1-1) NEWLINE \n
(16, 1-1) EOF $
