(1, 1-1) NEWLINE \n
(2, 1-1) NEWLINE \n
(3, 1-5) ID Write
(3, 6-6) PARENI (
(3, 7-18) CADENASTRING Hola Mundo
(3, 19-19) PAREND )
(3, 20-20) PUNCOM :
(3, 1-1) NEWLINE \n
(4, 1-1) NEWLINE \n
(5, 1-3) INT int
(5, 5-5) ID a
(5, 6-6) COMA ,
(5, 8-8) ID b
(5, 9-9) COMA ,
(5, 11-16) ID result
(5, 17-17) PUNCOM :
(5, 1-1) NEWLINE \n
(6, 1-1) ID a
(6, 3-3) IGUAL =
(6, 5-6) NUMENTERO 10
(6, 7-7) PUNCOM :
(6, 1-1) NEWLINE \n
(7, 1-1) ID b
(7, 3-3) IGUAL =
(7, 5-5) NUMENTERO 5
(7, 6-6) PUNCOM :
(7, 1-1) NEWLINE \n
(8, 1-6) ID result
(8, 8-8) IGUAL =
(8, 10-10) ID a
(8, 12-12) OP_ARIT +
(8, 14-14) ID b
(8, 16-16) OP_ARIT *
(8, 18-18) NUMENTERO 2
(8, 19-19) PUNCOM :
(8, 1-1) NEWLINE \n
(9, 1-5) ID Write
(9, 6-6) PARENI (
(9, 7-12) ID result
(9, 13-13) PAREND )
(9, 14-14) PUNCOM :
(9, 1-1) NEWLINE \n
(10, 1-1) NEWLINE \n
(11, 1-1) NEWLINE \n
(12, 1-3) INT int
(12, 5-5) ID n
(12, 6-6) PUNCOM :
(12, 1-1) NEWLINE \n
(13, 1-5) ID Write
(13, 6-6) PARENI (
(13, 7-26) CADENASTRING Ingrese un número:
(13, 27-27) PAREND )
(13, 28-28) PUNCOM :
(13, 1-1) NEWLINE \n
(14, 1-4) ID Read
(14, 5-5) PARENI (
(14, 6-6) ID n
(14, 7-7) PAREND )
(14, 8-8) PUNCOM :
(14, 1-1) NEWLINE \n
(15, 1-2) IF if
(15, 4-4) ID n
(15, 6-6) OP_REL >
(15, 8-8) NUMENTERO 0
(15, 9-9) DOSP :
(15, 1-1) NEWLINE \n
(16, 1-1) INDENT
(16, 5-9) ID Write
(16, 10-10) PARENI (
(16, 11-20) CADENASTRING Positivo
(16, 21-21) PAREND )
(16, 22-22) PUNCOM :
(16, 1-1) NEWLINE \n
(17, 1-1) DEDENT
(17, 1-4) ELSE else
(17, 5-5) DOSP :
(17, 1-1) NEWLINE \n
(18, 1-1) INDENT
(18, 5-9) ID Write
(18, 10-10) PARENI (
(18, 11-27) CADENASTRING Cero o negativo
(18, 28-28) PAREND )
(18, 29-29) PUNCOM :
(18, 1-1) NEWLINE \n
(19, 1-1) DEDENT
(19, 1-1) NEWLINE \n
(20, 1-4) ID func
(20, 6-8) INT int
(20, 10-13) ID suma
(20, 14-14) PARENI (
(20, 15-17) INT int
(20, 19-19) ID x
(20, 20-20) COMA ,
(20, 22-24) INT int
(20, 26-26) ID y
(20, 27-27) PAREND )
(20, 28-28) DOSP :
(20, 1-1) NEWLINE \n
(21, 1-1) INDENT
(21, 5-7) INT int
(21, 9-9) ID r
(21, 10-10) PUNCOM :
(21, 1-1) NEWLINE \n
(22, 5-5) ID r
(22, 7-7) IGUAL =
(22, 9-9) ID x
(22, 11-11) OP_ARIT +
(22, 13-13) ID y
(22, 14-14) PUNCOM :
(22, 1-1) NEWLINE \n
(23, 5-10) ID return
(23, 12-12) ID r
(23, 13-13) PUNCOM :
(23, 1-1) NEWLINE \n
(24, 1-1) DEDENT
(24, 1-1) NEWLINE \n
(25, 1-3) INT int
(25, 5-5) ID s
(25, 6-6) PUNCOM :
(25, 1-1) NEWLINE \n
(26, 1-1) ID s
(26, 3-3) IGUAL =
(26, 5-8) ID suma
(26, 9-9) PARENI (
(26, 10-10) NUMENTERO 3
(26, 11-11) COMA ,
(26, 13-13) NUMENTERO 4
(26, 14-14) PAREND )
(26, 15-15) PUNCOM :
(26, 1-1) NEWLINE \n
(27, 1-5) ID Write
(27, 6-6) PARENI (
(27, 7-7) ID s
(27, 8-8) PAREND )
(27, 9-9) PUNCOM :
(27, 1-1) NEWLINE \n
(28, 1-1) NEWLINE \n
(29, 1-3) INT int
(29, 5-9) ID count
(29, 10-10) PUNCOM :
(29, 1-1) NEWLINE \n
(30, 1-5) ID count
(30, 7-7) IGUAL =
(30, 9-9) NUMENTERO 0
(30, 10-10) PUNCOM :
(30, 1-1) NEWLINE \n
(31, 1-5) WHILE while
(31, 7-11) ID count
(31, 13-13) OP_REL <
(31, 15-15) NUMENTERO 3
(31, 16-16) DOSP :
(31, 1-1) NEWLINE \n
(32, 1-1) INDENT
(32, 5-9) ID Write
(32, 10-10) PARENI (
(32, 11-15) ID count
(32, 16-16) PAREND )
(32, 17-17) PUNCOM :
(32, 1-1) NEWLINE \n
(33, 5-9) ID count
(33, 11-11) IGUAL =
(33, 13-17) ID count
(33, 19-19) OP_ARIT +
(33, 21-21) NUMENTERO 1
(33, 22-22) PUNCOM :
(33, 1-1) NEWLINE \n
(34, 1-1) DEDENT
(34, 1-1) NEWLINE \n
(35, 1-5) FLOAT float
(35, 7-8) ID pi
(35, 9-9) PUNCOM :
(35, 1-1) NEWLINE \n
(36, 1-2) ID pi
(36, 4-4) IGUAL =
(36, 6-11) NUMDECIMAL 3.1416
(36, 12-12) PUNCOM :
(36, 1-1) NEWLINE \n
(37, 1-5) ID Write
(37, 6-6) PARENI (
(37, 7-8) ID pi
(37, 9-9) PAREND )
(37, 10-10) PUNCOM :
(37, 1-1) NEWLINE \n
(38, 1-1) NEWLINE \n
(39, 1-4) BOOL bool
(39, 6-9) ID flag
(39, 10-10) PUNCOM :
(39, 1-1) NEWLINE \n
(40, 1-4) ID flag
(40, 6-6) IGUAL =
(40, 8-11) TRUE true
(40, 12-12) PUNCOM :
(40, 1-1) NEWLINE \n
(41, 1-2) IF if
(41, 4-7) ID flag
(41, 9-10) OPDOBLE ==
(41, 12-15) TRUE true
(41, 16-16) DOSP :
(41, 1-1) NEWLINE \n
(42, 1-1) INDENT
(42, 5-9) ID Write
(42, 10-10) PARENI (
(42, 11-29) CADENASTRING flag está en true
(42, 30-30) PAREND )
(42, 31-31) PUNCOM :
(42, 1-1) NEWLINE \n
(43, 1-1) DEDENT
(43, 1-1) $
