(1, 1-1) NEWLINE \n
(2, 1-1) NEWLINE \n
(3, 1-4) ID func
(3, 6-8) INT int
(3, 10-12) ID mul
(3, 13-13) PARENI (
(3, 14-16) INT int
(3, 18-18) ID a
(3, 19-19) COMA ,
(3, 21-23) INT int
(3, 25-25) ID b
(3, 26-26) PAREND )
(3, 27-27) DOSP :
(3, 1-1) NEWLINE \n
(4, 1-1) INDENT
(4, 5-7) INT int
(4, 9-9) ID r
(4, 10-10) PUNCOM :
(4, 1-1) NEWLINE \n
(5, 5-5) ID r
(5, 7-7) IGUAL =
(5, 9-9) ID a
(5, 11-11) OP_ARIT *
(5, 13-13) ID b
(5, 14-14) PUNCOM :
(5, 1-1) NEWLINE \n
(6, 5-10) ID return
(6, 12-12) ID r
(6, 13-13) PUNCOM :
(6, 1-1) NEWLINE \n
(7, 1-1) DEDENT
(7, 1-1) NEWLINE \n
(8, 1-3) INT int
(8, 5-9) ID total
(8, 10-10) PUNCOM :
(8, 1-1) NEWLINE \n
(9, 1-5) ID total
(9, 7-7) IGUAL =
(9, 9-11) ID mul
(9, 12-12) PARENI (
(9, 13-13) NUMENTERO 2
(9, 14-14) COMA ,
(9, 16-16) NUMENTERO 3
(9, 17-17) PAREND )
(9, 18-18) PUNCOM :
(9, 1-1) NEWLINE \n
(10, 1-5) ID Write
(10, 6-6) PARENI (
(10, 7-11) ID total
(10, 12-12) PAREND )
(10, 13-13) PUNCOM :
(10, 1-1) NEWLINE \n
(11, 1-1) NEWLINE \n
(12, 1-5) WHILE while
(12, 7-11) ID total
(12, 13-13) OP_REL <
(12, 15-16) NUMENTERO 10
(12, 17-17) DOSP :
(12, 1-1) NEWLINE \n
(13, 6-10) ID total
(13, 12-12) IGUAL =
(13, 14-18) ID total
(13, 20-20) OP_ARIT +
(13, 22-22) NUMENTERO 1
(13, 23-23) PUNCOM :
(13, 1-1) NEWLINE \n
(14, 5-9) ID Write
(14, 10-10) PARENI (
(14, 11-15) ID total
(14, 16-16) PAREND )
(14, 17-17) PUNCOM :
(14, 1-1) NEWLINE \n
(15, 1-3) INT int
(15, 5-8) ID cost
(15, 10-10) PUNCOM :
(15, 1-1) NEWLINE \n
(16, 1-4) ID cost
(16, 7-7) IGUAL =
(16, 9-9) NUMENTERO 5
(16, 10-10) PUNCOM :
(16, 1-1) NEWLINE \n
(17, 1-1) NEWLINE \n
(18, 1-5) FLOAT float
(18, 7-7) ID z
(18, 8-8) PUNCOM :
(18, 1-1) NEWLINE \n
(19, 1-1) ID z
(19, 3-3) IGUAL =
(19, 5-8) NUMDECIMAL 0.12
(19, 10-10) NUMENTERO 3
(19, 11-11) PUNCOM :
(19, 1-1) NEWLINE \n
(20, 1-1) NEWLINE \n
(21, 1-1) NEWLINE \n
(22, 1-6) STRING string
(22, 8-38) ID this_identifier_name_is_way_way
(22, 62-62) PUNCOM :
(22, 1-1) NEWLINE \n
(23, 1-31) ID this_identifier_name_is_way_way
(23, 56-56) IGUAL =
(23, 58-61) CADENASTRING ok
(23, 62-62) PUNCOM :
(23, 1-1) NEWLINE \n
(24, 1-1) NEWLINE \n
(25, 1-5) ID Write
(25, 6-6) PARENI (
(25, 1-1) NEWLINE \n
(26, 1-1) $
