(1, 1-3) INT int
(1, 5-11) ID countar
(1, 1-1) NEWLINE \n
(2, 1-7) ID countar
(2, 9-9) IGUAL =
(2, 11-11) NUMENTERO 0
(2, 1-1) NEWLINE \n
(3, 1-5) WHILE while
(3, 7-11) ID count
(3, 13-13) MENORQ <
(3, 15-15) NUMENTERO 3
(3, 16-16) DOSP :
(3, 1-1) NEWLINE \n
(4, 1-1) INDENT
(4, 5-9) ID Write
(4, 10-10) PARENI (
(4, 11-17) ID countar
(4, 18-18) PAREND )
(4, 1-1) NEWLINE \n
(5, 5-11) ID countar
(5, 13-13) IGUAL =
(5, 15-21) ID countar
(5, 23-23) SUMA +
(5, 25-25) NUMENTERO 1
(5, 1-1) NEWLINE \n
(6, 1-1) DEDENT
(6, 1-1) EOF $
